2021-06-11 00:28:10 [background-preinit] INFO  o.h.validator.internal.util.Version - HV000001: Hibernate Validator 6.1.7.Final
2021-06-11 00:28:10 [main] INFO  h.hospital.HospitalApplication - Starting HospitalApplication using Java 11.0.10 on DESKTOP-2A8FGJ8 with PID 4332 (C:\Users\vincitoressa\Desktop\BSEP\hospital\target\classes started by vincitoressa in C:\Users\vincitoressa\Desktop\BSEP\hospital)
2021-06-11 00:28:10 [main] INFO  h.hospital.HospitalApplication - No active profile set, falling back to default profiles: default
2021-06-11 00:28:12 [main] INFO  o.s.d.r.c.RepositoryConfigurationDelegate - Multiple Spring Data modules found, entering strict repository configuration mode!
2021-06-11 00:28:12 [main] INFO  o.s.d.r.c.RepositoryConfigurationDelegate - Bootstrapping Spring Data JPA repositories in DEFAULT mode.
2021-06-11 00:28:13 [main] INFO  o.s.d.r.c.RepositoryConfigurationExtensionSupport - Spring Data JPA - Could not safely identify store assignment for repository candidate interface hospital.hospital.repository.LogRepository. If you want this repository to be a JPA repository, consider annotating your entities with one of these annotations: javax.persistence.Entity, javax.persistence.MappedSuperclass (preferred), or consider extending one of the following types with your repository: org.springframework.data.jpa.repository.JpaRepository.
2021-06-11 00:28:13 [main] INFO  o.s.d.r.c.RepositoryConfigurationDelegate - Finished Spring Data repository scanning in 169 ms. Found 5 JPA repository interfaces.
2021-06-11 00:28:13 [main] INFO  o.s.d.r.c.RepositoryConfigurationDelegate - Multiple Spring Data modules found, entering strict repository configuration mode!
2021-06-11 00:28:13 [main] INFO  o.s.d.r.c.RepositoryConfigurationDelegate - Bootstrapping Spring Data MongoDB repositories in DEFAULT mode.
2021-06-11 00:28:13 [main] INFO  o.s.d.r.c.RepositoryConfigurationExtensionSupport - Spring Data MongoDB - Could not safely identify store assignment for repository candidate interface hospital.hospital.repository.AuthorityRepository. If you want this repository to be a MongoDB repository, consider annotating your entities with one of these annotations: org.springframework.data.mongodb.core.mapping.Document (preferred), or consider extending one of the following types with your repository: org.springframework.data.mongodb.repository.MongoRepository.
2021-06-11 00:28:13 [main] INFO  o.s.d.r.c.RepositoryConfigurationExtensionSupport - Spring Data MongoDB - Could not safely identify store assignment for repository candidate interface hospital.hospital.repository.MessageAlarmRepository. If you want this repository to be a MongoDB repository, consider annotating your entities with one of these annotations: org.springframework.data.mongodb.core.mapping.Document (preferred), or consider extending one of the following types with your repository: org.springframework.data.mongodb.repository.MongoRepository.
2021-06-11 00:28:13 [main] INFO  o.s.d.r.c.RepositoryConfigurationExtensionSupport - Spring Data MongoDB - Could not safely identify store assignment for repository candidate interface hospital.hospital.repository.MessageRepository. If you want this repository to be a MongoDB repository, consider annotating your entities with one of these annotations: org.springframework.data.mongodb.core.mapping.Document (preferred), or consider extending one of the following types with your repository: org.springframework.data.mongodb.repository.MongoRepository.
2021-06-11 00:28:13 [main] INFO  o.s.d.r.c.RepositoryConfigurationExtensionSupport - Spring Data MongoDB - Could not safely identify store assignment for repository candidate interface hospital.hospital.repository.PatientRepository. If you want this repository to be a MongoDB repository, consider annotating your entities with one of these annotations: org.springframework.data.mongodb.core.mapping.Document (preferred), or consider extending one of the following types with your repository: org.springframework.data.mongodb.repository.MongoRepository.
2021-06-11 00:28:13 [main] INFO  o.s.d.r.c.RepositoryConfigurationExtensionSupport - Spring Data MongoDB - Could not safely identify store assignment for repository candidate interface hospital.hospital.repository.UserRepository. If you want this repository to be a MongoDB repository, consider annotating your entities with one of these annotations: org.springframework.data.mongodb.core.mapping.Document (preferred), or consider extending one of the following types with your repository: org.springframework.data.mongodb.repository.MongoRepository.
2021-06-11 00:28:13 [main] INFO  o.s.d.r.c.RepositoryConfigurationDelegate - Finished Spring Data repository scanning in 55 ms. Found 1 MongoDB repository interfaces.
2021-06-11 00:28:13 [main] INFO  o.s.c.s.PostProcessorRegistrationDelegate$BeanPostProcessorChecker - Bean 'org.springframework.security.access.expression.method.DefaultMethodSecurityExpressionHandler@1b13467c' of type [org.springframework.security.access.expression.method.DefaultMethodSecurityExpressionHandler] is not eligible for getting processed by all BeanPostProcessors (for example: not eligible for auto-proxying)
2021-06-11 00:28:13 [main] INFO  o.s.c.s.PostProcessorRegistrationDelegate$BeanPostProcessorChecker - Bean 'methodSecurityMetadataSource' of type [org.springframework.security.access.method.DelegatingMethodSecurityMetadataSource] is not eligible for getting processed by all BeanPostProcessors (for example: not eligible for auto-proxying)
2021-06-11 00:28:15 [main] INFO  o.s.b.w.e.tomcat.TomcatWebServer - Tomcat initialized with port(s): 8442 (https) 8085 (http)
2021-06-11 00:28:15 [main] INFO  o.a.coyote.http11.Http11NioProtocol - Initializing ProtocolHandler ["https-jsse-nio-8442"]
2021-06-11 00:28:15 [main] INFO  o.a.coyote.http11.Http11NioProtocol - Initializing ProtocolHandler ["http-nio-8085"]
2021-06-11 00:28:15 [main] INFO  o.a.catalina.core.StandardService - Starting service [Tomcat]
2021-06-11 00:28:15 [main] INFO  o.a.catalina.core.StandardEngine - Starting Servlet engine: [Apache Tomcat/9.0.44]
2021-06-11 00:28:15 [main] INFO  o.a.c.c.C.[Tomcat].[localhost].[/] - Initializing Spring embedded WebApplicationContext
2021-06-11 00:28:15 [main] INFO  o.s.b.w.s.c.ServletWebServerApplicationContext - Root WebApplicationContext: initialization completed in 4619 ms
2021-06-11 00:28:15 [main] WARN  o.s.b.a.o.j.JpaBaseConfiguration$JpaWebConfiguration - spring.jpa.open-in-view is enabled by default. Therefore, database queries may be performed during view rendering. Explicitly configure spring.jpa.open-in-view to disable this warning
2021-06-11 00:28:15 [main] INFO  o.h.jpa.internal.util.LogHelper - HHH000204: Processing PersistenceUnitInfo [name: default]
2021-06-11 00:28:16 [main] INFO  org.hibernate.Version - HHH000412: Hibernate ORM core version 5.4.29.Final
2021-06-11 00:28:16 [main] INFO  o.h.annotations.common.Version - HCANN000001: Hibernate Commons Annotations {5.1.2.Final}
2021-06-11 00:28:16 [main] INFO  com.zaxxer.hikari.HikariDataSource - HikariPool-1 - Starting...
2021-06-11 00:28:16 [main] INFO  com.zaxxer.hikari.HikariDataSource - HikariPool-1 - Start completed.
2021-06-11 00:28:16 [main] INFO  org.hibernate.dialect.Dialect - HHH000400: Using dialect: org.hibernate.dialect.PostgreSQL95Dialect
2021-06-11 00:28:18 [main] INFO  org.hibernate.tuple.PojoInstantiator - HHH000182: No default (no-argument) constructor for class: hospital.hospital.model.cep.alarms.ErrorLogAlarm (class must be instantiated by Interceptor)
2021-06-11 00:28:18 [main] INFO  org.hibernate.tuple.PojoInstantiator - HHH000182: No default (no-argument) constructor for class: hospital.hospital.model.cep.alarms.InactiveUserAlarm (class must be instantiated by Interceptor)
2021-06-11 00:28:18 [main] INFO  org.hibernate.tuple.PojoInstantiator - HHH000182: No default (no-argument) constructor for class: hospital.hospital.model.cep.alarms.BlackListedIPAlarm (class must be instantiated by Interceptor)
2021-06-11 00:28:18 [main] INFO  org.hibernate.tuple.PojoInstantiator - HHH000182: No default (no-argument) constructor for class: hospital.hospital.model.cep.alarms.BruteForceLoginAlarm (class must be instantiated by Interceptor)
2021-06-11 00:28:19 [main] INFO  o.h.t.s.internal.SchemaCreatorImpl - HHH000476: Executing import script 'file:/C:/Users/vincitoressa/Desktop/BSEP/hospital/target/classes/import.sql'
2021-06-11 00:28:19 [main] WARN  o.h.e.jdbc.spi.SqlExceptionHelper - SQL Warning Code: 0, SQLState: 42710
2021-06-11 00:28:19 [main] WARN  o.h.e.jdbc.spi.SqlExceptionHelper - extension "pgcrypto" already exists, skipping
2021-06-11 00:28:19 [main] INFO  o.h.e.t.j.p.i.JtaPlatformInitiator - HHH000490: Using JtaPlatform implementation: [org.hibernate.engine.transaction.jta.platform.internal.NoJtaPlatform]
2021-06-11 00:28:19 [main] INFO  o.s.o.j.LocalContainerEntityManagerFactoryBean - Initialized JPA EntityManagerFactory for persistence unit 'default'
2021-06-11 00:28:19 [main] INFO  org.mongodb.driver.cluster - Cluster created with settings {hosts=[localhost:27017], mode=SINGLE, requiredClusterType=UNKNOWN, serverSelectionTimeout='30000 ms'}
2021-06-11 00:28:20 [cluster-ClusterId{value='60c29203fc09dd636810fbec', description='null'}-localhost:27017] INFO  org.mongodb.driver.connection - Opened connection [connectionId{localValue:1, serverValue:355}] to localhost:27017
2021-06-11 00:28:20 [cluster-rtt-ClusterId{value='60c29203fc09dd636810fbec', description='null'}-localhost:27017] INFO  org.mongodb.driver.connection - Opened connection [connectionId{localValue:2, serverValue:356}] to localhost:27017
2021-06-11 00:28:20 [cluster-ClusterId{value='60c29203fc09dd636810fbec', description='null'}-localhost:27017] INFO  org.mongodb.driver.cluster - Monitor thread successfully connected to server with description ServerDescription{address=localhost:27017, type=STANDALONE, state=CONNECTED, ok=true, minWireVersion=0, maxWireVersion=9, maxDocumentSize=16777216, logicalSessionTimeoutMinutes=30, roundTripTimeNanos=45910100}
2021-06-11 00:28:21 [main] INFO  o.d.c.k.b.impl.ClasspathKieProject - Found kmodule: file:/C:/Users/vincitoressa/Desktop/BSEP/hospital/target/classes/META-INF/kmodule.xml
2021-06-11 00:28:22 [main] WARN  o.d.c.k.b.impl.ClasspathKieProject - Unable to find pom.properties in /C:/Users/vincitoressa/Desktop/BSEP/hospital/target/classes
2021-06-11 00:28:22 [main] WARN  o.kie.scanner.embedder.MavenSettings - Environment variable M2_HOME is not set
2021-06-11 00:28:30 [main] INFO  o.d.c.k.b.impl.ClasspathKieProject - Recursed up folders, found and used pom.xml C:\Users\vincitoressa\Desktop\BSEP\hospital\pom.xml
2021-06-11 00:28:30 [main] INFO  o.d.c.k.b.impl.KieRepositoryImpl - KieModule was added: FileKieModule[releaseId=hospital:hospital:0.0.1-SNAPSHOT,file=C:\Users\vincitoressa\Desktop\BSEP\hospital\target\classes]
2021-06-11 00:28:38 [main] INFO  o.s.s.c.ThreadPoolTaskExecutor - Initializing ExecutorService 'applicationTaskExecutor'
2021-06-11 00:28:39 [main] INFO  o.s.s.web.DefaultSecurityFilterChain - Will secure any request with [org.springframework.security.web.context.request.async.WebAsyncManagerIntegrationFilter@623f27a9, org.springframework.security.web.context.SecurityContextPersistenceFilter@621508de, org.springframework.security.web.header.HeaderWriterFilter@1269538a, org.keycloak.adapters.springsecurity.filter.KeycloakPreAuthActionsFilter@3d1b43d8, org.keycloak.adapters.springsecurity.filter.KeycloakAuthenticationProcessingFilter@3c8e4a82, org.springframework.security.web.authentication.logout.LogoutFilter@520d0137, org.springframework.security.web.savedrequest.RequestCacheAwareFilter@2cdd3638, org.springframework.security.web.servletapi.SecurityContextHolderAwareRequestFilter@2eba2e9d, org.keycloak.adapters.springsecurity.filter.KeycloakSecurityContextRequestFilter@3462e99a, org.keycloak.adapters.springsecurity.filter.KeycloakAuthenticatedActionsFilter@5300694d, org.springframework.security.web.authentication.AnonymousAuthenticationFilter@7d1a1ee9, org.springframework.security.web.session.SessionManagementFilter@7e4257e3, org.springframework.security.web.access.ExceptionTranslationFilter@6033ed50, org.springframework.security.web.access.intercept.FilterSecurityInterceptor@24037ea]
2021-06-11 00:28:39 [main] INFO  o.a.coyote.http11.Http11NioProtocol - Starting ProtocolHandler ["https-jsse-nio-8442"]
2021-06-11 00:28:39 [main] INFO  o.a.coyote.http11.Http11NioProtocol - Starting ProtocolHandler ["http-nio-8085"]
2021-06-11 00:28:39 [main] INFO  o.s.b.w.e.tomcat.TomcatWebServer - Tomcat started on port(s): 8442 (https) 8085 (http) with context path ''
2021-06-11 00:28:39 [main] INFO  h.hospital.HospitalApplication - Started HospitalApplication in 29.776 seconds (JVM running for 31.251)
2021-06-11 00:28:39 [https-jsse-nio-8442-exec-8] INFO  o.a.c.c.C.[Tomcat].[localhost].[/] - Initializing Spring DispatcherServlet 'dispatcherServlet'
2021-06-11 00:28:39 [https-jsse-nio-8442-exec-8] INFO  o.s.web.servlet.DispatcherServlet - Initializing Servlet 'dispatcherServlet'
2021-06-11 00:28:39 [https-jsse-nio-8442-exec-8] INFO  o.s.web.servlet.DispatcherServlet - Completed initialization in 5 ms
2021-06-11 00:28:40 [https-jsse-nio-8442-exec-9] INFO  o.k.adapters.KeycloakDeployment - Loaded URLs from https://localhost:8444/auth/realms/admin-portal/.well-known/openid-configuration
2021-06-11 00:28:41 [https-jsse-nio-8442-exec-9] WARN  o.a.c.util.SessionIdGeneratorBase - Creation of SecureRandom instance for session ID generation using [SHA1PRNG] took [346] milliseconds.
2021-06-11 00:28:41 [https-jsse-nio-8442-exec-9] INFO  org.mongodb.driver.connection - Opened connection [connectionId{localValue:3, serverValue:357}] to localhost:27017
2021-06-11 01:11:16 [https-jsse-nio-8442-exec-10] INFO  org.mongodb.driver.connection - Opened connection [connectionId{localValue:4, serverValue:358}] to localhost:27017
2021-06-11 01:11:16 [https-jsse-nio-8442-exec-3] INFO  org.mongodb.driver.connection - Opened connection [connectionId{localValue:5, serverValue:359}] to localhost:27017
2021-06-11 01:12:49 [https-jsse-nio-8442-exec-8] INFO  org.mongodb.driver.connection - Opened connection [connectionId{localValue:6, serverValue:360}] to localhost:27017
